0 info it worked if it ends with ok
1 verbose cli [ 'node', '/usr/local/bin/npm', 'install', '-g', 'nodemon' ]
2 info using npm@2.7.5
3 info using node@v0.10.33
4 silly cache add args [ 'nodemon', null ]
5 verbose cache add spec nodemon
6 silly cache add parsed spec { raw: 'nodemon',
6 silly cache add   scope: null,
6 silly cache add   name: 'nodemon',
6 silly cache add   rawSpec: '',
6 silly cache add   spec: '*',
6 silly cache add   type: 'range' }
7 verbose addNamed nodemon@*
8 silly addNamed semver.valid null
9 silly addNamed semver.validRange *
10 silly addNameRange { name: 'nodemon', range: '*', hasData: false }
11 silly mapToRegistry name nodemon
12 silly mapToRegistry using default registry
13 silly mapToRegistry registry https://registry.npmjs.org/
14 silly mapToRegistry uri https://registry.npmjs.org/nodemon
15 verbose addNameRange registry:https://registry.npmjs.org/nodemon not in flight; fetching
16 verbose request uri https://registry.npmjs.org/nodemon
17 verbose request no auth needed
18 info attempt registry request try #1 at 12:24:11
19 verbose request id 6494a69a2b7a5db1
20 verbose etag "1Y41S7DGU1Q7RFSTXKQI33D75"
21 http request GET https://registry.npmjs.org/nodemon
22 http 200 https://registry.npmjs.org/nodemon
23 silly get cb [ 200,
23 silly get   { server: 'CouchDB/1.5.0 (Erlang OTP/R16B03)',
23 silly get     etag: '"4KIWN3G84L3CZVZV704W2SMPX"',
23 silly get     'content-type': 'application/json',
23 silly get     'cache-control': 'max-age=60',
23 silly get     'content-length': '148807',
23 silly get     'accept-ranges': 'bytes',
23 silly get     date: 'Tue, 21 Jul 2015 19:24:12 GMT',
23 silly get     via: '1.1 varnish',
23 silly get     age: '10',
23 silly get     connection: 'keep-alive',
23 silly get     'x-served-by': 'cache-atl6226-ATL',
23 silly get     'x-cache': 'HIT',
23 silly get     'x-cache-hits': '1',
23 silly get     'x-timer': 'S1437506652.316368,VS0,VE4',
23 silly get     vary: 'Accept' } ]
24 verbose get saving nodemon to /Users/richardstanley/.npm/registry.npmjs.org/nodemon/.cache.json
25 silly addNameRange number 2 { name: 'nodemon', range: '*', hasData: true }
26 silly addNameRange versions [ 'nodemon',
26 silly addNameRange   [ '0.1.4',
26 silly addNameRange     '0.1.5',
26 silly addNameRange     '0.1.6',
26 silly addNameRange     '0.1.7',
26 silly addNameRange     '0.1.8',
26 silly addNameRange     '0.2.0',
26 silly addNameRange     '0.2.1',
26 silly addNameRange     '0.2.2',
26 silly addNameRange     '0.3.0',
26 silly addNameRange     '0.3.1',
26 silly addNameRange     '0.3.2',
26 silly addNameRange     '0.4.0',
26 silly addNameRange     '0.4.1',
26 silly addNameRange     '0.5.0',
26 silly addNameRange     '0.5.1',
26 silly addNameRange     '0.5.2',
26 silly addNameRange     '0.5.3',
26 silly addNameRange     '0.5.4',
26 silly addNameRange     '0.5.5',
26 silly addNameRange     '0.5.6',
26 silly addNameRange     '0.5.7',
26 silly addNameRange     '0.6.0',
26 silly addNameRange     '0.6.1',
26 silly addNameRange     '0.6.2',
26 silly addNameRange     '0.6.3',
26 silly addNameRange     '0.6.4',
26 silly addNameRange     '0.6.5',
26 silly addNameRange     '0.6.6',
26 silly addNameRange     '0.6.7',
26 silly addNameRange     '0.6.8',
26 silly addNameRange     '0.6.9',
26 silly addNameRange     '0.6.10',
26 silly addNameRange     '0.6.11',
26 silly addNameRange     '0.6.12',
26 silly addNameRange     '0.6.13',
26 silly addNameRange     '0.6.14',
26 silly addNameRange     '0.6.15',
26 silly addNameRange     '0.6.16',
26 silly addNameRange     '0.6.17',
26 silly addNameRange     '0.6.18',
26 silly addNameRange     '0.6.19',
26 silly addNameRange     '0.6.20',
26 silly addNameRange     '0.6.21',
26 silly addNameRange     '0.6.22',
26 silly addNameRange     '0.6.23',
26 silly addNameRange     '0.7.0',
26 silly addNameRange     '0.7.1',
26 silly addNameRange     '0.7.2',
26 silly addNameRange     '0.7.3',
26 silly addNameRange     '0.7.4',
26 silly addNameRange     '0.7.5',
26 silly addNameRange     '0.7.6',
26 silly addNameRange     '0.7.7',
26 silly addNameRange     '0.7.8',
26 silly addNameRange     '0.7.10',
26 silly addNameRange     '0.9.0',
26 silly addNameRange     '0.9.1',
26 silly addNameRange     '0.9.2',
26 silly addNameRange     '0.9.3',
26 silly addNameRange     '0.9.5',
26 silly addNameRange     '0.9.6',
26 silly addNameRange     '0.9.7',
26 silly addNameRange     '0.9.10',
26 silly addNameRange     '0.9.11',
26 silly addNameRange     '0.9.12',
26 silly addNameRange     '0.9.14',
26 silly addNameRange     '0.9.16',
26 silly addNameRange     '0.9.17',
26 silly addNameRange     '1.0.0',
26 silly addNameRange     '1.0.1',
26 silly addNameRange     '1.0.2',
26 silly addNameRange     '1.0.2-rc',
26 silly addNameRange     '0.6.10-a',
26 silly addNameRange     '1.0.2-rc3',
26 silly addNameRange     '1.0.2-rc4',
26 silly addNameRange     '1.0.3',
26 silly addNameRange     '1.0.4',
26 silly addNameRange     '1.0.5',
26 silly addNameRange     '1.0.6',
26 silly addNameRange     '1.0.7',
26 silly addNameRange     '1.0.8',
26 silly addNameRange     '1.0.9',
26 silly addNameRange     '1.0.10',
26 silly addNameRange     '1.0.11',
26 silly addNameRange     '1.0.12',
26 silly addNameRange     '1.0.13',
26 silly addNameRange     '1.0.14',
26 silly addNameRange     '1.0.15',
26 silly addNameRange     '1.0.16',
26 silly addNameRange     '1.0.17-rc1',
26 silly addNameRange     '1.0.17-rc2',
26 silly addNameRange     '1.0.17',
26 silly addNameRange     '1.0.18',
26 silly addNameRange     '1.0.19',
26 silly addNameRange     '1.0.20',
26 silly addNameRange     '1.1.0-alpha',
26 silly addNameRange     '1.1.0',
26 silly addNameRange     '1.1.1',
26 silly addNameRange     '1.2.0',
26 silly addNameRange     '1.2.1',
26 silly addNameRange     '1.3.0-0',
26 silly addNameRange     '1.3.0-1',
26 silly addNameRange     '1.3.0-2',
26 silly addNameRange     '1.3.0-3',
26 silly addNameRange     '1.3.0-4',
26 silly addNameRange     '1.3.0-5',
26 silly addNameRange     '1.3.0-6',
26 silly addNameRange     '1.3.0-7',
26 silly addNameRange     '1.3.0',
26 silly addNameRange     '1.3.1',
26 silly addNameRange     '1.3.2',
26 silly addNameRange     '1.3.3',
26 silly addNameRange     '1.3.5',
26 silly addNameRange     '1.3.6',
26 silly addNameRange     '1.3.7',
26 silly addNameRange     '1.3.8' ] ]
27 verbose addNamed nodemon@1.3.8
28 silly addNamed semver.valid 1.3.8
29 silly addNamed semver.validRange 1.3.8
30 silly mapToRegistry name nodemon
31 silly mapToRegistry using default registry
32 silly mapToRegistry registry https://registry.npmjs.org/
33 silly mapToRegistry uri https://registry.npmjs.org/nodemon
34 verbose addRemoteTarball https://registry.npmjs.org/nodemon/-/nodemon-1.3.8.tgz not in flight; adding
35 verbose addRemoteTarball [ 'https://registry.npmjs.org/nodemon/-/nodemon-1.3.8.tgz',
35 verbose addRemoteTarball   '40723a96278edeaac48205a1c570cbf4070a6a8e' ]
36 info retry fetch attempt 1 at 12:24:13
37 info attempt registry request try #1 at 12:24:13
38 http fetch GET https://registry.npmjs.org/nodemon/-/nodemon-1.3.8.tgz
39 http fetch 200 https://registry.npmjs.org/nodemon/-/nodemon-1.3.8.tgz
40 silly fetchAndShaCheck shasum 40723a96278edeaac48205a1c570cbf4070a6a8e
41 verbose addTmpTarball /var/folders/h4/7fhjcb455m5gtbzx5p2v4_540000gn/T/npm-61402-baddda20/registry.npmjs.org/nodemon/-/nodemon-1.3.8.tgz not in flight; adding
42 verbose addTmpTarball already have metadata; skipping unpack for nodemon@1.3.8
43 silly cache afterAdd nodemon@1.3.8
44 verbose afterAdd /Users/richardstanley/.npm/nodemon/1.3.8/package/package.json not in flight; writing
45 verbose afterAdd /Users/richardstanley/.npm/nodemon/1.3.8/package/package.json written
46 silly install resolved [ { name: 'nodemon',
46 silly install resolved     homepage: 'http://nodemon.io',
46 silly install resolved     author: { name: 'Remy Sharp', url: 'http://github.com/remy' },
46 silly install resolved     bin: { nodemon: './bin/nodemon.js' },
46 silly install resolved     engines: { node: '>=0.8' },
46 silly install resolved     repository: { type: 'git', url: 'http://github.com/remy/nodemon.git' },
46 silly install resolved     description: 'Simple monitor script for use during development of a node.js app.',
46 silly install resolved     keywords:
46 silly install resolved      [ 'monitor',
46 silly install resolved        'development',
46 silly install resolved        'restart',
46 silly install resolved        'autoload',
46 silly install resolved        'reload',
46 silly install resolved        'terminal' ],
46 silly install resolved     version: '1.3.8',
46 silly install resolved     preferGlobal: 'true',
46 silly install resolved     license: 'MIT',
46 silly install resolved     main: './lib/nodemon',
46 silly install resolved     scripts:
46 silly install resolved      { coverage: 'istanbul cover _mocha -- --timeout 30000 --ui bdd --reporter list test/**/*.test.js',
46 silly install resolved        ':test': 'mocha --timeout 30000 --ui bdd test/**/*.test.js',
46 silly install resolved        test: 'for FILE in test/**/*.test.js; do echo $FILE; ./node_modules/.bin/mocha --timeout 30000 $FILE; if [ $? -ne 0 ]; then exit 1; fi; sleep 1; done',
46 silly install resolved        web: 'node web' },
46 silly install resolved     devDependencies:
46 silly install resolved      { 'coffee-script': '~1.7.1',
46 silly install resolved        connect: '~2.19.1',
46 silly install resolved        istanbul: '~0.2.10',
46 silly install resolved        mocha: '^2.0.1',
46 silly install resolved        should: '~4.0.0' },
46 silly install resolved     dependencies:
46 silly install resolved      { minimatch: '~0.3.0',
46 silly install resolved        'ps-tree': '~0.0.3',
46 silly install resolved        touch: '~0.0.3',
46 silly install resolved        'update-notifier': '^0.3.0' },
46 silly install resolved     gitHead: '698dc26aacc4c4759abdc5cb9dd3c8588d0cac5c',
46 silly install resolved     bugs: { url: 'https://github.com/remy/nodemon/issues' },
46 silly install resolved     _id: 'nodemon@1.3.8',
46 silly install resolved     _shasum: '40723a96278edeaac48205a1c570cbf4070a6a8e',
46 silly install resolved     _from: 'nodemon@*',
46 silly install resolved     _npmVersion: '1.4.28',
46 silly install resolved     _npmUser: { name: 'remy', email: 'remy@remysharp.com' },
46 silly install resolved     maintainers: [ [Object] ],
46 silly install resolved     dist:
46 silly install resolved      { shasum: '40723a96278edeaac48205a1c570cbf4070a6a8e',
46 silly install resolved        tarball: 'http://registry.npmjs.org/nodemon/-/nodemon-1.3.8.tgz' },
46 silly install resolved     directories: {},
46 silly install resolved     _resolved: 'https://registry.npmjs.org/nodemon/-/nodemon-1.3.8.tgz' } ]
47 info install nodemon@1.3.8 into /usr/local/lib
48 info installOne nodemon@1.3.8
49 verbose installOne of nodemon to /usr/local/lib not in flight; installing
50 verbose lock using /Users/richardstanley/.npm/_locks/nodemon-49f7ed19e778991e.lock for /usr/local/lib/node_modules/nodemon
51 silly install write writing nodemon 1.3.8 to /usr/local/lib/node_modules/nodemon
52 silly cache addNamed cb nodemon@1.3.8
53 verbose unbuild lib/node_modules/nodemon
54 info preuninstall nodemon@1.3.7
55 info uninstall nodemon@1.3.7
56 verbose unbuild rmStuff nodemon@1.3.7 from /usr/local/lib/node_modules
57 silly gentlyRm /usr/local/bin/nodemon is being gently removed
58 silly gentlyRm verifying /usr/local is an npm working directory
59 silly gentlyRm containing path /usr/local is under npm's control, in /usr/local
60 silly gentlyRm deletion target /usr/local/bin/nodemon is under /usr/local
61 verbose gentlyRm vacuuming from /usr/local/bin/nodemon up to /usr/local
62 silly vacuum-fs removing /usr/local/bin/nodemon
63 silly vacuum-fs quitting because other entries in /usr/local/bin
64 info postuninstall nodemon@1.3.7
65 silly gentlyRm /usr/local/lib/node_modules/nodemon is being purged from base /usr/local
66 verbose gentlyRm don't care about contents; nuking /usr/local/lib/node_modules/nodemon
67 silly vacuum-fs purging /usr/local/lib/node_modules/nodemon
68 verbose unlock done using /Users/richardstanley/.npm/_locks/nodemon-49f7ed19e778991e.lock for /usr/local/lib/node_modules/nodemon
69 verbose stack Error: EACCES, rmdir '/usr/local/lib/node_modules/nodemon'
70 verbose cwd /Users/richardstanley/Desktop/bizGram/server
71 error Darwin 14.4.0
72 error argv "node" "/usr/local/bin/npm" "install" "-g" "nodemon"
73 error node v0.10.33
74 error npm  v2.7.5
75 error path /usr/local/lib/node_modules/nodemon
76 error code EACCES
77 error errno 3
78 error Error: EACCES, rmdir '/usr/local/lib/node_modules/nodemon'
78 error  { [Error: EACCES, rmdir '/usr/local/lib/node_modules/nodemon']
78 error   errno: 3,
78 error   code: 'EACCES',
78 error   path: '/usr/local/lib/node_modules/nodemon' }
79 error Please try running this command again as root/Administrator.
80 verbose exit [ 3, true ]
81 verbose unbuild lib/node_modules/nodemon
82 info preuninstall nodemon@1.3.7
83 info uninstall nodemon@1.3.7
84 verbose unbuild rmStuff nodemon@1.3.7 from /usr/local/lib/node_modules
85 silly gentlyRm /usr/local/bin/nodemon is being gently removed
86 silly gentlyRm verifying /usr/local is an npm working directory
87 silly gentlyRm containing path /usr/local is under npm's control, in /usr/local
88 silly gentlyRm deletion target /usr/local/bin/nodemon is under /usr/local
89 verbose gentlyRm vacuuming from /usr/local/bin/nodemon up to /usr/local
90 info postuninstall nodemon@1.3.7
91 silly gentlyRm /usr/local/lib/node_modules/nodemon is being purged from base /usr/local
92 verbose gentlyRm don't care about contents; nuking /usr/local/lib/node_modules/nodemon
93 silly vacuum-fs purging /usr/local/lib/node_modules/nodemon
94 error error rolling back Error: EACCES, rmdir '/usr/local/lib/node_modules/nodemon'
94 error error rolling back  { [Error: EACCES, rmdir '/usr/local/lib/node_modules/nodemon']
94 error error rolling back   errno: 3,
94 error error rolling back   code: 'EACCES',
94 error error rolling back   path: '/usr/local/lib/node_modules/nodemon' }
